<?xml version="1.0" encoding="UTF-8"?>
<testng-results ignored="1" total="2" passed="1" failed="0" skipped="0">
  <reporter-output>
  </reporter-output>
  <suite started-at="2024-06-24T13:03:47 EDT" name="Default suite" finished-at="2024-06-24T13:03:54 EDT" duration-ms="7239">
    <groups>
    </groups>
    <test started-at="2024-06-24T13:03:47 EDT" name="Default test" finished-at="2024-06-24T13:03:54 EDT" duration-ms="7239">
      <class name="demoReg.TestSelenium">
        <test-method is-config="true" signature="dummystart()[pri:0, instance:demoReg.TestSelenium@7334aada]" started-at="2024-06-24T13:03:47 EDT" name="dummystart" finished-at="2024-06-24T13:03:47 EDT" duration-ms="5" status="PASS">
          <reporter-output>
          </reporter-output>
        </test-method> <!-- dummystart -->
        <test-method signature="myTest2()[pri:0, instance:demoReg.TestSelenium@7334aada]" started-at="2024-06-24T13:03:47 EDT" name="myTest2" description="Dummy" finished-at="2024-06-24T13:03:54 EDT" duration-ms="7212" status="PASS">
          <reporter-output>
          </reporter-output>
        </test-method> <!-- myTest2 -->
      </class> <!-- demoReg.TestSelenium -->
    </test> <!-- Default test -->
  </suite> <!-- Default suite -->
</testng-results>
